<?xml version="1.0" encoding="UTF-8"?>
<!-- Generated by org.testng.reporters.JUnitReportReporter -->
<testsuite hostname="DESKTOP-POF9692" failures="0" tests="1" name="ctsNaukriProject.Runner.HomePageSearchRunner2" time="0.046" errors="0" timestamp="2020-04-09T12:46:19 IST" skipped="0">
  <testcase classname="ctsNaukriProject.Runner.HomePageSearchRunner2" name="login" time="0.046"/>
  <system-out/>
</testsuite> <!-- ctsNaukriProject.Runner.HomePageSearchRunner2 -->
