<?xml version="1.0" encoding="UTF-8"?>
<!-- Generated by org.testng.reporters.JUnitReportReporter -->
<testsuite hostname="DESKTOP-POF9692" failures="0" tests="1" name="ctsNaukriProject.Runner.ctsNaukriProjectRunner" time="80.343" errors="0" timestamp="2020-04-13T09:14:05 IST" skipped="0">
  <testcase classname="ctsNaukriProject.Runner.ctsNaukriProjectRunner" name="login" time="80.343"/>
  <system-out/>
</testsuite> <!-- ctsNaukriProject.Runner.ctsNaukriProjectRunner -->
