<?xml version="1.0" encoding="UTF-8"?>
<!-- Generated by org.testng.reporters.JUnitReportReporter -->
<testsuite hostname="DESKTOP-POF9692" failures="0" tests="1" name="ctsNaukriProject.Runner.ctsNaukriProjectRunner3" time="41.894" errors="0" timestamp="2020-04-13T09:14:05 IST" skipped="0">
  <testcase classname="ctsNaukriProject.Runner.ctsNaukriProjectRunner3" name="login" time="41.894"/>
  <system-out/>
</testsuite> <!-- ctsNaukriProject.Runner.ctsNaukriProjectRunner3 -->
