<?xml version="1.0" encoding="UTF-8"?>
<!-- Generated by org.testng.reporters.JUnitReportReporter -->
<testsuite hostname="DESKTOP-POF9692" failures="0" tests="4" name="ctsNaukriProject.Runner.validLoginRunner1" time="251.418" errors="0" timestamp="2020-04-11T11:19:36 IST" skipped="0">
  <testcase classname="ctsNaukriProject.Runner.validLoginRunner1" name="login" time="27.559"/>
  <system-out/>
  <testcase classname="ctsNaukriProject.Runner.validLoginRunner1" name="login" time="46.111"/>
  <system-out/>
  <testcase classname="ctsNaukriProject.Runner.validLoginRunner1" name="login" time="137.868"/>
  <system-out/>
  <testcase classname="ctsNaukriProject.Runner.validLoginRunner1" name="login" time="39.880"/>
  <system-out/>
</testsuite> <!-- ctsNaukriProject.Runner.validLoginRunner1 -->
